<?xml version="1.0" encoding="UTF-8"?>
<coverage generated="1584646364485" clover="3.2.0">
  <project timestamp="1584646364485" name="All files">
    <metrics statements="12" coveredstatements="3" conditionals="0" coveredconditionals="0" methods="6" coveredmethods="2" elements="18" coveredelements="5" complexity="0" loc="12" ncloc="12" packages="1" files="2" classes="2"/>
    <file name="app.jsx" path="/Users/patmac510/Documents/hackreactor/comments-profile/client/src/components/app.jsx">
      <metrics statements="3" coveredstatements="3" conditionals="0" coveredconditionals="0" methods="2" coveredmethods="2"/>
      <line num="9" count="1" type="stmt"/>
      <line num="10" count="1" type="stmt"/>
      <line num="39" count="1" type="stmt"/>
    </file>
    <file name="commentsInputBar.jsx" path="/Users/patmac510/Documents/hackreactor/comments-profile/client/src/components/commentsInputBar.jsx">
      <metrics statements="9" coveredstatements="0" conditionals="0" coveredconditionals="0" methods="4" coveredmethods="0"/>
      <line num="5" count="0" type="stmt"/>
      <line num="6" count="0" type="stmt"/>
      <line num="9" count="0" type="stmt"/>
      <line num="10" count="0" type="stmt"/>
      <line num="13" count="0" type="stmt"/>
      <line num="14" count="0" type="stmt"/>
      <line num="15" count="0" type="stmt"/>
      <line num="21" count="0" type="stmt"/>
      <line num="25" count="0" type="stmt"/>
    </file>
  </project>
</coverage>
